[DEBUG] AuthController: [class AuthController]
[DEBUG] AuthController.login: function
[DEBUG] OrderController.create: function
[DEBUG] OrderController.getById: function
[DEBUG] OrderController.list: function
[DEBUG] OrderController.assignOrder: function
(node:75171) Warning: Accessing non-existent property 'getTenantConnection' of module exports inside circular dependency
(Use `node --trace-warnings ...` to show where the warning was created)
全局未捕获异常: Error: listen EADDRINUSE: address already in use :::4000
    at Server.setupListenHandle [as _listen2] (node:net:1940:16)
    at listenInCluster (node:net:1997:12)
    at Server.listen (node:net:2102:7)
    at app.listen (/Users/sunsh80/Downloads/易工到项目/小蚁搬运/backend/node_modules/express/lib/application.js:635:24)
    at Object.<anonymous> (/Users/sunsh80/Downloads/易工到项目/小蚁搬运/backend/server.js:104:5)
    at Module._compile (node:internal/modules/cjs/loader:1761:14)
    at Object..js (node:internal/modules/cjs/loader:1893:10)
    at Module.load (node:internal/modules/cjs/loader:1481:32)
    at Module._load (node:internal/modules/cjs/loader:1300:12)
    at TracingChannel.traceSync (node:diagnostics_channel:328:14) {
  code: 'EADDRINUSE',
  errno: -48,
  syscall: 'listen',
  address: '::',
  port: 4000
}
Error: listen EADDRINUSE: address already in use :::4000
    at Server.setupListenHandle [as _listen2] (node:net:1940:16)
    at listenInCluster (node:net:1997:12)
    at Server.listen (node:net:2102:7)
    at app.listen (/Users/sunsh80/Downloads/易工到项目/小蚁搬运/backend/node_modules/express/lib/application.js:635:24)
    at Object.<anonymous> (/Users/sunsh80/Downloads/易工到项目/小蚁搬运/backend/server.js:104:5)
    at Module._compile (node:internal/modules/cjs/loader:1761:14)
    at Object..js (node:internal/modules/cjs/loader:1893:10)
    at Module.load (node:internal/modules/cjs/loader:1481:32)
    at Module._load (node:internal/modules/cjs/loader:1300:12)
    at TracingChannel.traceSync (node:diagnostics_channel:328:14)
